<?xml version="1.0" encoding="UTF-8"?>
<!-- Generated by org.testng.reporters.JUnitReportReporter -->
<testsuite skipped="0" hostname="DESKTOP-9GU8BET" name="emni.DDTLoginWithComment" tests="1" failures="0" timestamp="2020-10-21T09:51:56 BDT" time="27.753" errors="0">
  <testcase name="login" time="27.753" classname="emni.DDTLoginWithComment"/>
  <system-out/>
</testsuite> <!-- emni.DDTLoginWithComment -->
