<?xml version="1.0" encoding="UTF-8"?>
<!-- Generated by org.testng.reporters.JUnitReportReporter -->
<testsuite skipped="0" hostname="DESKTOP-9GU8BET" name="com.datadriven.frame.DDsite" tests="3" failures="0" timestamp="2020-09-14T00:45:06 BDT" time="44.827" errors="0">
  <testcase name="baseurl" time="10.517" classname="com.datadriven.frame.DDsite"/>
  <system-out/>
  <testcase name="baseurl" time="23.356" classname="com.datadriven.frame.DDsite"/>
  <system-out/>
  <testcase name="baseurl" time="10.954" classname="com.datadriven.frame.DDsite"/>
  <system-out/>
</testsuite> <!-- com.datadriven.frame.DDsite -->
